#
# There is insufficient memory for the Java Runtime Environment to continue.
# Native memory allocation (malloc) failed to allocate 2424336 bytes for Chunk::new
# Possible reasons:
#   The system is out of physical RAM or swap space
#   The process is running with CompressedOops enabled, and the Java Heap may be blocking the growth of the native heap
# Possible solutions:
#   Reduce memory load on the system
#   Increase physical memory or swap space
#   Check if swap backing store is full
#   Decrease Java heap size (-Xmx/-Xms)
#   Decrease number of Java threads
#   Decrease Java thread stack sizes (-Xss)
#   Set larger code cache with -XX:ReservedCodeCacheSize=
#   JVM is running with Unscaled Compressed Oops mode in which the Java heap is
#     placed in the first 4GB address space. The Java Heap base address is the
#     maximum limit for the native heap growth. Please use -XX:HeapBaseMinAddress
#     to set the Java Heap base and to place the Java Heap above 4GB virtual address.
# This output file may be truncated or incomplete.
#
#  Out of Memory Error (allocation.cpp:389), pid=17016, tid=0x0000000000003970
#
# JRE version: Java(TM) SE Runtime Environment (8.0_202-b08) (build 1.8.0_202-b08)
# Java VM: Java HotSpot(TM) 64-Bit Server VM (25.202-b08 mixed mode windows-amd64 compressed oops)
# Failed to write core dump. Minidumps are not enabled by default on client versions of Windows
#

---------------  T H R E A D  ---------------

Current thread (0x0000000017393800):  JavaThread "C2 CompilerThread1" daemon [_thread_in_native, id=14704, stack(0x0000000018b00000,0x0000000018c00000)]

Stack: [0x0000000018b00000,0x0000000018c00000]
[error occurred during error reporting (printing stack bounds), id 0xc0000005]

Native frames: (J=compiled Java code, j=interpreted, Vv=VM code, C=native code)


Current CompileTask:
C2:  21348 5522   !   4       java.net.URLClassLoader$1::run (63 bytes)


---------------  P R O C E S S  ---------------

Java Threads: ( => current thread )
  0x000000001bc20000 JavaThread "pool-1-thread-4" [_thread_in_native, id=17344, stack(0x000000001f4b0000,0x000000001f5b0000)]
  0x000000001bc1f800 JavaThread "pool-1-thread-3" [_thread_in_native, id=9772, stack(0x000000001f3b0000,0x000000001f4b0000)]
  0x000000001dede800 JavaThread "pool-1-thread-2" [_thread_in_native, id=13116, stack(0x000000001f2b0000,0x000000001f3b0000)]
  0x000000001dede000 JavaThread "pool-1-thread-1" [_thread_in_native, id=12724, stack(0x000000001ec70000,0x000000001ed70000)]
  0x00000000173dd800 JavaThread "Service Thread" daemon [_thread_blocked, id=10656, stack(0x0000000019100000,0x0000000019200000)]
  0x0000000017398000 JavaThread "C1 CompilerThread2" daemon [_thread_blocked, id=7792, stack(0x0000000018c00000,0x0000000018d00000)]
=>0x0000000017393800 JavaThread "C2 CompilerThread1" daemon [_thread_in_native, id=14704, stack(0x0000000018b00000,0x0000000018c00000)]
  0x0000000017389000 JavaThread "C2 CompilerThread0" daemon [_thread_in_native, id=6480, stack(0x0000000018a00000,0x0000000018b00000)]
  0x0000000017387800 JavaThread "Attach Listener" daemon [_thread_blocked, id=13996, stack(0x0000000018900000,0x0000000018a00000)]
  0x0000000017386800 JavaThread "Signal Dispatcher" daemon [_thread_blocked, id=13360, stack(0x0000000018800000,0x0000000018900000)]
  0x0000000002a0a800 JavaThread "Finalizer" daemon [_thread_blocked, id=12628, stack(0x00000000185f0000,0x00000000186f0000)]
  0x0000000002a02000 JavaThread "Reference Handler" daemon [_thread_blocked, id=12564, stack(0x00000000184f0000,0x00000000185f0000)]
  0x0000000002912800 JavaThread "main" [_thread_blocked, id=9764, stack(0x0000000002770000,0x0000000002870000)]

Other Threads:
  0x0000000017347800 VMThread [stack: 0x00000000183f0000,0x00000000184f0000] [id=7756]
  0x0000000018d51800 WatcherThread [stack: 0x0000000019200000,0x0000000019300000] [id=15028]

VM state:not at safepoint (normal execution)

VM Mutex/Monitor currently owned by a thread: None

heap address: 0x0000000084a00000, size: 1974 MB, Compressed Oops mode: 32-bit
Narrow klass base: 0x0000000000000000, Narrow klass shift: 3
Compressed class space size: 1073741824 Address: 0x0000000100000000

Heap:
 PSYoungGen      total 132096K, used 52643K [0x00000000d6e00000, 0x00000000df400000, 0x0000000100000000)
  eden space 126976K, 37% used [0x00000000d6e00000,0x00000000d9c708c0,0x00000000dea00000)
  from space 5120K, 99% used [0x00000000dea00000,0x00000000deef8728,0x00000000def00000)
  to   space 5120K, 0% used [0x00000000def00000,0x00000000def00000,0x00000000df400000)
 ParOldGen       total 75264K, used 38311K [0x0000000084a00000, 0x0000000089380000, 0x00000000d6e00000)
  object space 75264K, 50% used [0x0000000084a00000,0x0000000086f69d00,0x0000000089380000)
 Metaspace       used 28803K, capacity 29722K, committed 29824K, reserved 1075200K
  class space    used 3337K, capacity 3625K, committed 3712K, reserved 1048576K

Card table byte_map: [0x0000000011dd0000,0x00000000121b0000] byte_map_base: 0x00000000119ab000

Marking Bits: (ParMarkBitMap*) 0x0000000057565ce0
 Begin Bits: [0x0000000012850000, 0x0000000014728000)
 End Bits:   [0x0000000014728000, 0x0000000016600000)

Polling page: 0x0000000000ed0000

CodeCache: size=245760Kb used=18378Kb max_used=18378Kb free=227381Kb
 bounds [0x0000000002a10000, 0x0000000003c20000, 0x0000000011a10000]
 total_blobs=5586 nmethods=5128 adapters=370
 compilation: enabled

Compilation events (10 events):
Event: 21.246 Thread 0x0000000017398000 5636       3       java.util.Calendar::internalGet (7 bytes)
Event: 21.247 Thread 0x0000000017398000 nmethod 5636 0x0000000003c12150 code [0x0000000003c122a0, 0x0000000003c12410]
Event: 21.247 Thread 0x0000000017398000 5637       1       sun.util.calendar.CalendarDate::getHours (5 bytes)
Event: 21.247 Thread 0x0000000017398000 nmethod 5637 0x0000000003c12510 code [0x0000000003c12660, 0x0000000003c12770]
Event: 21.247 Thread 0x0000000017398000 5638       1       sun.util.calendar.CalendarDate::getMinutes (5 bytes)
Event: 21.247 Thread 0x0000000017398000 nmethod 5638 0x0000000003c127d0 code [0x0000000003c12920, 0x0000000003c12a30]
Event: 21.247 Thread 0x0000000017398000 5639       1       sun.util.calendar.CalendarDate::getSeconds (5 bytes)
Event: 21.247 Thread 0x0000000017398000 nmethod 5639 0x0000000003c12a90 code [0x0000000003c12be0, 0x0000000003c12cf0]
Event: 21.247 Thread 0x0000000017398000 5640       3       sun.util.calendar.Gregorian$Date::getNormalizedYear (5 bytes)
Event: 21.247 Thread 0x0000000017398000 nmethod 5640 0x0000000003c12d50 code [0x0000000003c12ea0, 0x0000000003c13090]

GC Heap History (10 events):
Event: 5.811 GC heap before
{Heap before GC invocations=4 (full 0):
 PSYoungGen      total 68608K, used 68592K [0x00000000d6e00000, 0x00000000df400000, 0x0000000100000000)
  eden space 63488K, 100% used [0x00000000d6e00000,0x00000000dac00000,0x00000000dac00000)
  from space 5120K, 99% used [0x00000000dac00000,0x00000000db0fc030,0x00000000db100000)
  to   space 5120K, 0% used [0x00000000def00000,0x00000000def00000,0x00000000df400000)
 ParOldGen       total 84992K, used 8765K [0x0000000084a00000, 0x0000000089d00000, 0x00000000d6e00000)
  object space 84992K, 10% used [0x0000000084a00000,0x000000008528f7a0,0x0000000089d00000)
 Metaspace       used 16553K, capacity 17020K, committed 17280K, reserved 1064960K
  class space    used 1933K, capacity 2062K, committed 2176K, reserved 1048576K
Event: 5.855 GC heap after
Heap after GC invocations=4 (full 0):
 PSYoungGen      total 132096K, used 5104K [0x00000000d6e00000, 0x00000000df400000, 0x0000000100000000)
  eden space 126976K, 0% used [0x00000000d6e00000,0x00000000d6e00000,0x00000000dea00000)
  from space 5120K, 99% used [0x00000000def00000,0x00000000df3fc010,0x00000000df400000)
  to   space 5120K, 0% used [0x00000000dea00000,0x00000000dea00000,0x00000000def00000)
 ParOldGen       total 84992K, used 12905K [0x0000000084a00000, 0x0000000089d00000, 0x00000000d6e00000)
  object space 84992K, 15% used [0x0000000084a00000,0x000000008569a6c0,0x0000000089d00000)
 Metaspace       used 16553K, capacity 17020K, committed 17280K, reserved 1064960K
  class space    used 1933K, capacity 2062K, committed 2176K, reserved 1048576K
}
Event: 7.739 GC heap before
{Heap before GC invocations=5 (full 0):
 PSYoungGen      total 132096K, used 58427K [0x00000000d6e00000, 0x00000000df400000, 0x0000000100000000)
  eden space 126976K, 41% used [0x00000000d6e00000,0x00000000da212dc0,0x00000000dea00000)
  from space 5120K, 99% used [0x00000000def00000,0x00000000df3fc010,0x00000000df400000)
  to   space 5120K, 0% used [0x00000000dea00000,0x00000000dea00000,0x00000000def00000)
 ParOldGen       total 84992K, used 12905K [0x0000000084a00000, 0x0000000089d00000, 0x00000000d6e00000)
  object space 84992K, 15% used [0x0000000084a00000,0x000000008569a6c0,0x0000000089d00000)
 Metaspace       used 20601K, capacity 21162K, committed 21296K, reserved 1069056K
  class space    used 2437K, capacity 2637K, committed 2688K, reserved 1048576K
Event: 7.770 GC heap after
Heap after GC invocations=5 (full 0):
 PSYoungGen      total 132096K, used 5104K [0x00000000d6e00000, 0x00000000df400000, 0x0000000100000000)
  eden space 126976K, 0% used [0x00000000d6e00000,0x00000000d6e00000,0x00000000dea00000)
  from space 5120K, 99% used [0x00000000dea00000,0x00000000deefc010,0x00000000def00000)
  to   space 5120K, 0% used [0x00000000def00000,0x00000000def00000,0x00000000df400000)
 ParOldGen       total 84992K, used 16968K [0x0000000084a00000, 0x0000000089d00000, 0x00000000d6e00000)
  object space 84992K, 19% used [0x0000000084a00000,0x0000000085a922b8,0x0000000089d00000)
 Metaspace       used 20601K, capacity 21162K, committed 21296K, reserved 1069056K
  class space    used 2437K, capacity 2637K, committed 2688K, reserved 1048576K
}
Event: 7.770 GC heap before
{Heap before GC invocations=6 (full 1):
 PSYoungGen      total 132096K, used 5104K [0x00000000d6e00000, 0x00000000df400000, 0x0000000100000000)
  eden space 126976K, 0% used [0x00000000d6e00000,0x00000000d6e00000,0x00000000dea00000)
  from space 5120K, 99% used [0x00000000dea00000,0x00000000deefc010,0x00000000def00000)
  to   space 5120K, 0% used [0x00000000def00000,0x00000000def00000,0x00000000df400000)
 ParOldGen       total 84992K, used 16968K [0x0000000084a00000, 0x0000000089d00000, 0x00000000d6e00000)
  object space 84992K, 19% used [0x0000000084a00000,0x0000000085a922b8,0x0000000089d00000)
 Metaspace       used 20601K, capacity 21162K, committed 21296K, reserved 1069056K
  class space    used 2437K, capacity 2637K, committed 2688K, reserved 1048576K
Event: 7.993 GC heap after
Heap after GC invocations=6 (full 1):
 PSYoungGen      total 132096K, used 0K [0x00000000d6e00000, 0x00000000df400000, 0x0000000100000000)
  eden space 126976K, 0% used [0x00000000d6e00000,0x00000000d6e00000,0x00000000dea00000)
  from space 5120K, 0% used [0x00000000dea00000,0x00000000dea00000,0x00000000def00000)
  to   space 5120K, 0% used [0x00000000def00000,0x00000000def00000,0x00000000df400000)
 ParOldGen       total 75264K, used 16487K [0x0000000084a00000, 0x0000000089380000, 0x00000000d6e00000)
  object space 75264K, 21% used [0x0000000084a00000,0x0000000085a19db8,0x0000000089380000)
 Metaspace       used 20601K, capacity 21162K, committed 21296K, reserved 1069056K
  class space    used 2437K, capacity 2637K, committed 2688K, reserved 1048576K
}
Event: 17.596 GC heap before
{Heap before GC invocations=7 (full 1):
 PSYoungGen      total 132096K, used 126976K [0x00000000d6e00000, 0x00000000df400000, 0x0000000100000000)
  eden space 126976K, 100% used [0x00000000d6e00000,0x00000000dea00000,0x00000000dea00000)
  from space 5120K, 0% used [0x00000000dea00000,0x00000000dea00000,0x00000000def00000)
  to   space 5120K, 0% used [0x00000000def00000,0x00000000def00000,0x00000000df400000)
 ParOldGen       total 75264K, used 16487K [0x0000000084a00000, 0x0000000089380000, 0x00000000d6e00000)
  object space 75264K, 21% used [0x0000000084a00000,0x0000000085a19db8,0x0000000089380000)
 Metaspace       used 24444K, capacity 25178K, committed 25472K, reserved 1071104K
  class space    used 2849K, capacity 3099K, committed 3200K, reserved 1048576K
Event: 17.615 GC heap after
Heap after GC invocations=7 (full 1):
 PSYoungGen      total 132096K, used 5089K [0x00000000d6e00000, 0x00000000df400000, 0x0000000100000000)
  eden space 126976K, 0% used [0x00000000d6e00000,0x00000000d6e00000,0x00000000dea00000)
  from space 5120K, 99% used [0x00000000def00000,0x00000000df3f8738,0x00000000df400000)
  to   space 5120K, 0% used [0x00000000dea00000,0x00000000dea00000,0x00000000def00000)
 ParOldGen       total 75264K, used 27272K [0x0000000084a00000, 0x0000000089380000, 0x00000000d6e00000)
  object space 75264K, 36% used [0x0000000084a00000,0x00000000864a20c0,0x0000000089380000)
 Metaspace       used 24444K, capacity 25178K, committed 25472K, reserved 1071104K
  class space    used 2849K, capacity 3099K, committed 3200K, reserved 1048576K
}
Event: 20.424 GC heap before
{Heap before GC invocations=8 (full 1):
 PSYoungGen      total 132096K, used 132065K [0x00000000d6e00000, 0x00000000df400000, 0x0000000100000000)
  eden space 126976K, 100% used [0x00000000d6e00000,0x00000000dea00000,0x00000000dea00000)
  from space 5120K, 99% used [0x00000000def00000,0x00000000df3f8738,0x00000000df400000)
  to   space 5120K, 0% used [0x00000000dea00000,0x00000000dea00000,0x00000000def00000)
 ParOldGen       total 75264K, used 27272K [0x0000000084a00000, 0x0000000089380000, 0x00000000d6e00000)
  object space 75264K, 36% used [0x0000000084a00000,0x00000000864a20c0,0x0000000089380000)
 Metaspace       used 27084K, capacity 27876K, committed 28032K, reserved 1073152K
  class space    used 3096K, capacity 3352K, committed 3456K, reserved 1048576K
Event: 20.446 GC heap after
Heap after GC invocations=8 (full 1):
 PSYoungGen      total 132096K, used 5089K [0x00000000d6e00000, 0x00000000df400000, 0x0000000100000000)
  eden space 126976K, 0% used [0x00000000d6e00000,0x00000000d6e00000,0x00000000dea00000)
  from space 5120K, 99% used [0x00000000dea00000,0x00000000deef8728,0x00000000def00000)
  to   space 5120K, 0% used [0x00000000def00000,0x00000000def00000,0x00000000df400000)
 ParOldGen       total 75264K, used 38311K [0x0000000084a00000, 0x0000000089380000, 0x00000000d6e00000)
  object space 75264K, 50% used [0x0000000084a00000,0x0000000086f69d00,0x0000000089380000)
 Metaspace       used 27084K, capacity 27876K, committed 28032K, reserved 1073152K
  class space    used 3096K, capacity 3352K, committed 3456K, reserved 1048576K
}

Deoptimization events (10 events):
Event: 20.267 Thread 0x0000000002912800 Uncommon trap: reason=unstable_if action=reinterpret pc=0x0000000002ee9128 method=com.google.inject.internal.MoreTypes.canonicalize(Ljava/lang/reflect/Type;)Ljava/lang/reflect/Type; @ 16
Event: 20.267 Thread 0x0000000002912800 Uncommon trap: reason=class_check action=maybe_recompile pc=0x0000000002ee3f6c method=com.google.inject.internal.MoreTypes.getRawType(Ljava/lang/reflect/Type;)Ljava/lang/Class; @ 13
Event: 20.268 Thread 0x0000000002912800 Uncommon trap: reason=unstable_if action=reinterpret pc=0x0000000002efc28c method=com.google.inject.internal.MoreTypes.canonicalize(Ljava/lang/reflect/Type;)Ljava/lang/reflect/Type; @ 16
Event: 20.268 Thread 0x0000000002912800 Uncommon trap: reason=class_check action=maybe_recompile pc=0x0000000002ee3f6c method=com.google.inject.internal.MoreTypes.getRawType(Ljava/lang/reflect/Type;)Ljava/lang/Class; @ 13
Event: 20.268 Thread 0x0000000002912800 Uncommon trap: reason=class_check action=maybe_recompile pc=0x0000000002ee3f6c method=com.google.inject.internal.MoreTypes.getRawType(Ljava/lang/reflect/Type;)Ljava/lang/Class; @ 13
Event: 20.275 Thread 0x0000000002912800 Uncommon trap: reason=class_check action=maybe_recompile pc=0x0000000002ee3f6c method=com.google.inject.internal.MoreTypes.getRawType(Ljava/lang/reflect/Type;)Ljava/lang/Class; @ 13
Event: 20.307 Thread 0x00000000193d5800 Uncommon trap: reason=null_check action=make_not_entrant pc=0x0000000002b37490 method=java.lang.StringCoding.deref(Ljava/lang/ThreadLocal;)Ljava/lang/Object; @ 4
Event: 21.038 Thread 0x0000000002912800 Uncommon trap: reason=unstable_if action=reinterpret pc=0x0000000003473664 method=java.util.Properties$LineReader.readLine()I @ 246
Event: 21.055 Thread 0x0000000002912800 Uncommon trap: reason=unstable_if action=reinterpret pc=0x00000000032af068 method=org.apache.maven.model.Plugin.clone()Lorg/apache/maven/model/Plugin; @ 140
Event: 21.078 Thread 0x0000000002912800 Uncommon trap: reason=class_check action=maybe_recompile pc=0x0000000002cbba68 method=java.util.ComparableTimSort.countRunAndMakeAscending([Ljava/lang/Object;II)I @ 36

Classes redefined (0 events):
No events

Internal exceptions (10 events):
Event: 17.890 Thread 0x0000000002912800 NullPointerException at vtable entry 0x0000000002de8867
Event: 17.890 Thread 0x0000000002912800 Exception <a 'java/lang/NullPointerException'> (0x00000000d8404108) thrown at [C:\re\workspace\8-2-build-windows-amd64-cygwin\jdk8u202\12323\hotspot\src\share\vm\runtime\sharedRuntime.cpp, line 605]
Event: 17.891 Thread 0x0000000002912800 NullPointerException at vtable entry 0x0000000002de8867
Event: 17.891 Thread 0x0000000002912800 Exception <a 'java/lang/NullPointerException'> (0x00000000d84261b0) thrown at [C:\re\workspace\8-2-build-windows-amd64-cygwin\jdk8u202\12323\hotspot\src\share\vm\runtime\sharedRuntime.cpp, line 605]
Event: 17.894 Thread 0x0000000002912800 NullPointerException at vtable entry 0x0000000002de8867
Event: 17.894 Thread 0x0000000002912800 Exception <a 'java/lang/NullPointerException'> (0x00000000d844be70) thrown at [C:\re\workspace\8-2-build-windows-amd64-cygwin\jdk8u202\12323\hotspot\src\share\vm\runtime\sharedRuntime.cpp, line 605]
Event: 18.770 Thread 0x0000000002912800 Implicit null exception at 0x0000000002faf9f1 to 0x0000000002fb055d
Event: 18.770 Thread 0x0000000002912800 Implicit null exception at 0x0000000002d6275b to 0x0000000002d62bcd
Event: 20.281 Thread 0x0000000002912800 Exception <a 'java/lang/NoSuchMethodError': org.apache.maven.execution.MavenExecutionRequest.getFailureBehavior()Ljava/lang/String;> (0x00000000de251de8) thrown at [C:\re\workspace\8-2-build-windows-amd64-cygwin\jdk8u202\12323\hotspot\src\share\vm\interpr
Event: 20.307 Thread 0x00000000193d5800 Implicit null exception at 0x0000000002b368a0 to 0x0000000002b37481

Events (10 events):
Event: 21.234 loading class org/apache/commons/compress/archivers/zip/ZipArchiveOutputStream$EntryMetaData
Event: 21.234 loading class org/apache/commons/compress/archivers/zip/ZipArchiveOutputStream$EntryMetaData done
Event: 21.235 loading class org/apache/commons/compress/archivers/zip/ZipMethod
Event: 21.235 loading class org/apache/commons/compress/archivers/zip/ZipMethod done
Event: 21.235 loading class org/apache/commons/compress/archivers/zip/ZipMethod
Event: 21.235 loading class org/apache/commons/compress/archivers/zip/ZipMethod done
Event: 21.247 loading class java/util/concurrent/ConcurrentLinkedDeque$Itr
Event: 21.247 loading class java/util/concurrent/ConcurrentLinkedDeque$AbstractItr
Event: 21.248 loading class java/util/concurrent/ConcurrentLinkedDeque$AbstractItr done
Event: 21.248 loading class java/util/concurrent/ConcurrentLinkedDeque$Itr done


Dynamic libraries:
0x00007ff687f20000 - 0x00007ff687f57000 	C:\Program Files\Java\jdk1.8.0_202\bin\java.exe
0x00007ff9c7d70000 - 0x00007ff9c7f65000 	C:\WINDOWS\SYSTEM32\ntdll.dll
0x00007ff9c6fa0000 - 0x00007ff9c705e000 	C:\WINDOWS\System32\KERNEL32.DLL
0x00007ff9c5660000 - 0x00007ff9c5928000 	C:\WINDOWS\System32\KERNELBASE.dll
0x00007ff9c7ab0000 - 0x00007ff9c7b5e000 	C:\WINDOWS\System32\ADVAPI32.dll
0x00007ff9c7650000 - 0x00007ff9c76ee000 	C:\WINDOWS\System32\msvcrt.dll
0x00007ff9c6670000 - 0x00007ff9c670c000 	C:\WINDOWS\System32\sechost.dll
0x00007ff9c6e70000 - 0x00007ff9c6f95000 	C:\WINDOWS\System32\RPCRT4.dll
0x00007ff9c6c20000 - 0x00007ff9c6dc1000 	C:\WINDOWS\System32\USER32.dll
0x00007ff9c5930000 - 0x00007ff9c5952000 	C:\WINDOWS\System32\win32u.dll
0x00007ff9c75c0000 - 0x00007ff9c75eb000 	C:\WINDOWS\System32\GDI32.dll
0x00007ff9c5b10000 - 0x00007ff9c5c1d000 	C:\WINDOWS\System32\gdi32full.dll
0x00007ff9c5480000 - 0x00007ff9c551d000 	C:\WINDOWS\System32\msvcp_win.dll
0x00007ff9c5a10000 - 0x00007ff9c5b10000 	C:\WINDOWS\System32\ucrtbase.dll
0x00007ff9b6400000 - 0x00007ff9b669a000 	C:\WINDOWS\WinSxS\amd64_microsoft.windows.common-controls_6595b64144ccf1df_6.0.19041.1110_none_60b5254171f9507e\COMCTL32.dll
0x00007ff9c7b60000 - 0x00007ff9c7b90000 	C:\WINDOWS\System32\IMM32.DLL
0x00000000575f0000 - 0x00000000576c2000 	C:\Program Files\Java\jdk1.8.0_202\jre\bin\msvcr100.dll
0x0000000056d40000 - 0x00000000575e5000 	C:\Program Files\Java\jdk1.8.0_202\jre\bin\server\jvm.dll
0x00007ff9c5e90000 - 0x00007ff9c5e98000 	C:\WINDOWS\System32\PSAPI.DLL
0x00007ff9bada0000 - 0x00007ff9badaa000 	C:\WINDOWS\SYSTEM32\VERSION.dll
0x00007ff9b56c0000 - 0x00007ff9b56e7000 	C:\WINDOWS\SYSTEM32\WINMM.dll
0x00007ff9b1540000 - 0x00007ff9b1549000 	C:\WINDOWS\SYSTEM32\WSOCK32.dll
0x00007ff9c7c10000 - 0x00007ff9c7c7b000 	C:\WINDOWS\System32\WS2_32.dll
0x00007ff9ab8f0000 - 0x00007ff9ab8ff000 	C:\Program Files\Java\jdk1.8.0_202\jre\bin\verify.dll
0x00007ff9a05d0000 - 0x00007ff9a05f9000 	C:\Program Files\Java\jdk1.8.0_202\jre\bin\java.dll
0x00007ff99ff50000 - 0x00007ff99ff66000 	C:\Program Files\Java\jdk1.8.0_202\jre\bin\zip.dll
0x00007ff9c5ea0000 - 0x00007ff9c65e4000 	C:\WINDOWS\System32\SHELL32.dll
0x00007ff9c3570000 - 0x00007ff9c3d05000 	C:\WINDOWS\SYSTEM32\windows.storage.dll
0x00007ff9c7750000 - 0x00007ff9c7aa5000 	C:\WINDOWS\System32\combase.dll
0x00007ff9c4ed0000 - 0x00007ff9c4efe000 	C:\WINDOWS\SYSTEM32\Wldp.dll
0x00007ff9c7c80000 - 0x00007ff9c7d2d000 	C:\WINDOWS\System32\SHCORE.dll
0x00007ff9c6bc0000 - 0x00007ff9c6c15000 	C:\WINDOWS\System32\shlwapi.dll
0x00007ff9c53c0000 - 0x00007ff9c53df000 	C:\WINDOWS\SYSTEM32\profapi.dll
0x0000000069ac0000 - 0x0000000069ae4000 	C:\Users\yarsl\AppData\Local\Temp\jansi-2.3.4-6bf5caa53972fb4b-jansi.dll
0x00007ff99ff30000 - 0x00007ff99ff4a000 	C:\Program Files\Java\jdk1.8.0_202\jre\bin\net.dll
0x00007ff9b7690000 - 0x00007ff9b787b000 	C:\WINDOWS\SYSTEM32\urlmon.dll
0x00007ff9b73c0000 - 0x00007ff9b7670000 	C:\WINDOWS\SYSTEM32\iertutil.dll
0x00007ff9b7390000 - 0x00007ff9b73b8000 	C:\WINDOWS\SYSTEM32\srvcli.dll
0x00007ff9c49e0000 - 0x00007ff9c49ec000 	C:\WINDOWS\SYSTEM32\netutils.dll
0x00007ff9c4c30000 - 0x00007ff9c4c9a000 	C:\WINDOWS\system32\mswsock.dll
0x00007ff99fed0000 - 0x00007ff99fee2000 	C:\Program Files\Java\jdk1.8.0_202\jre\bin\nio.dll
0x00007ff9aab20000 - 0x00007ff9aab2d000 	C:\Program Files\Java\jdk1.8.0_202\jre\bin\management.dll
0x00007ff9aeef0000 - 0x00007ff9aef07000 	C:\WINDOWS\system32\napinsp.dll
0x00007ff9af270000 - 0x00007ff9af28b000 	C:\WINDOWS\system32\pnrpnsp.dll
0x00007ff9af290000 - 0x00007ff9af2a5000 	C:\WINDOWS\system32\wshbth.dll
0x00007ff9c0650000 - 0x00007ff9c066d000 	C:\WINDOWS\system32\NLAapi.dll
0x00007ff9c48d0000 - 0x00007ff9c490b000 	C:\WINDOWS\SYSTEM32\IPHLPAPI.DLL
0x00007ff9c4910000 - 0x00007ff9c49db000 	C:\WINDOWS\SYSTEM32\DNSAPI.dll
0x00007ff9c75b0000 - 0x00007ff9c75b8000 	C:\WINDOWS\System32\NSI.dll
0x00007ff9af430000 - 0x00007ff9af442000 	C:\WINDOWS\System32\winrnr.dll
0x00007ff9b8bd0000 - 0x00007ff9b8bda000 	C:\Windows\System32\rasadhlp.dll
0x00007ff9b88e0000 - 0x00007ff9b895f000 	C:\WINDOWS\System32\fwpuclnt.dll
0x00007ff9c5c20000 - 0x00007ff9c5c47000 	C:\WINDOWS\System32\bcrypt.dll

VM Arguments:
jvm_args: -Dmaven.multiModuleProjectDirectory=E:\web\web_lab4 
java_command: org.apache.maven.wrapper.MavenWrapperMain clean install
java_class_path (initial): E:\web\web_lab4\.mvn\wrapper\maven-wrapper.jar
Launcher Type: SUN_STANDARD

Environment Variables:
JAVA_HOME=C:\Program Files\Java\jdk1.8.0_202
PATH=C:\Python34\;C:\Python34\Scripts;C:\Program Files (x86)\NVIDIA Corporation\PhysX\Common;C:\Program Files (x86)\Common Files\Oracle\Java\javapath;C:\WINDOWS\system32;C:\WINDOWS;C:\WINDOWS\System32\Wbem;C:\WINDOWS\System32\WindowsPowerShell\v1.0\;C:\Program Files\Git\cmd;C:\Program Files\TortoiseGit\bin;C:\Program Files (x86)\STMicroelectronics\STM32 ST-LINK Utility\ST-LINK Utility;C:\WINDOWS\System32\OpenSSH\;C:\Program Files (x86)\Paragon Software\LinuxFS for Windows\;C:\Program Files\nodejs\;C:\ProgramData\chocolatey\bin;C:\Program Files\LLVM\bin;C:\Program Files\dotnet\;C:\Program Files\Microsoft SQL Server\130\Tools\Binn\;C:\Program Files\Microsoft SQL Server\Client SDK\ODBC\170\Tools\Binn\;C:\Program Files (x86)\IncrediBuild;C:\Program Files (x86)\IVI Foundation\VISA\WinNT\Bin;C:\Program Files (x86)\Windows Kits\8.1\Windows Performance Toolkit\;E:\Mathlab\runtime\win64;E:\Mathlab\bin;C:\apache-maven-3.8.4\bin;C:\node-v16.13.1-win-x64;C:\Users\yarsl\AppData\Local\Programs\Python\Python39\Scripts\;C:\Users\yarsl\AppData\Local\Programs\Python\Python39\;C:\Users\yarsl\AppData\Local\Programs\Python\Python36\Scripts\;C:\Users\yarsl\AppData\Local\Programs\Python\Python36\;C:\Users\yarsl\AppData\Local\Microsoft\WindowsApps;C:\murIDE\devkit-x86\murlibs;C:\murIDE2\devkit-x86\murlibs;C:\Users\yarsl\AppData\Roaming\npm;C:\Users\yarsl\AppData\Local\atom\bin;C:\Users\yarsl\AppData\Local\Microsoft\WindowsApps;E:\Microsoft VS Code\bin;C:\Program Files\JetBrains\IntelliJ IDEA Community Edition 2020.2.3\bin;C:\texlive\2020\bin\win32;C:\Users\yarsl\.dotnet\tools;E:\IntelliJ IDEA 2020.3.3\bin;E:\PyCharm 2021.1\bin;C:\Program Files\JetBrains\CLion 2021.2.3\bin
USERNAME=yarsl
OS=Windows_NT
PROCESSOR_IDENTIFIER=Intel64 Family 6 Model 69 Stepping 1, GenuineIntel



---------------  S Y S T E M  ---------------

OS: Windows 10.0 , 64 bit Build 19041 (10.0.19041.1466)

CPU:total 4 (initial active 4) (2 cores per cpu, 2 threads per core) family 6 model 69 stepping 1, cmov, cx8, fxsr, mmx, sse, sse2, sse3, ssse3, sse4.1, sse4.2, popcnt, avx, avx2, aes, clmul, erms, lzcnt, ht, tsc, tscinvbit, bmi1, bmi2

Memory: 4k page, physical 8085148k(373108k free), swap 18443660k(4332k free)

vm_info: Java HotSpot(TM) 64-Bit Server VM (25.202-b08) for windows-amd64 JRE (1.8.0_202-b08), built on Dec 15 2018 19:54:30 by "java_re" with MS VC++ 10.0 (VS2010)

time: Sat Jan 15 11:07:54 2022
timezone: RTZ 2 (зима)
elapsed time: 21 seconds (0d 0h 0m 21s)

